Arguments: 
  /usr/local/bin/node /usr/local/Cellar/yarn/1.3.2/libexec/bin/yarn.js install

PATH: 
  /Users/bobinlee/.fastlane/bin:/Users/bobinlee/.rvm/gems/ruby-2.4.1/bin:/Users/bobinlee/.rvm/gems/ruby-2.4.1@global/bin:/Users/bobinlee/.rvm/rubies/ruby-2.4.1/bin:/Users/bobinlee/Documents/bin:/Users/bobinlee/Library/Android/sdk/platform-tools:/usr/local/bin:/usr/bin:/bin:/usr/sbin:/sbin:/Users/bobinlee/.fastlane/bin:/Users/bobinlee/.rvm/gems/ruby-2.4.1/bin:/Users/bobinlee/.rvm/gems/ruby-2.4.1@global/bin:/Users/bobinlee/.rvm/rubies/ruby-2.4.1/bin:/Users/bobinlee/Documents/bin:/Users/bobinlee/Library/Android/sdk/platform-tools:/Users/bobinlee/.rvm/bin:/Users/bobinlee/.rvm/bin:/Users/bobinlee/Library/Android/sdk/platform-tools

Yarn version: 
  1.3.2

Node version: 
  8.11.1

Platform: 
  darwin x64

npm manifest: 
  {
    "name": "native",
    "version": "0.1.0",
    "private": true,
    "devDependencies": {
      "crna-make-symlinks-for-yarn-workspaces": "^1.0.1",
      "jest-expo": "25.0.0",
      "metro-bundler-config-yarn-workspaces": "^1.0.2",
      "react-native-scripts": "1.11.1",
      "react-test-renderer": "16.2.0"
    },
    "main": "crna-entry.js",
    "scripts": {
      "prestart": "node link-workspaces.js",
      "start": "react-native-scripts start",
      "eject": "react-native-scripts eject",
      "android": "react-native-scripts android",
      "ios": "react-native-scripts ios",
      "test": "node node_modules/jest/bin/jest.js"
    },
    "jest": {
      "preset": "jest-expo"
    },
    "dependencies": {
      "expo": "^25.0.0",
      "react": "16.2.0",
      "react-native": "0.52.0",
      "styled-components": "^3.3.2"
    }
  }

yarn manifest: 
  No manifest

Lockfile: 
  No lockfile

Trace: 
  Error: ENOENT: no such file or directory, copyfile '/Users/bobinlee/Library/Caches/Yarn/v1/npm-ansi-styles-2.2.1-b432dd3358b634cf75e1e4664368240533c1ddbe/index.js' -> '/Users/bobinlee/Documents/dev/basic/react-web-native-mst-example/native/node_modules/react-native/node_modules/ansi-styles/index.js'
